TN:
SF:src/AMM.sol
DA:85,71
FN:85,AMM.constructor
FNDA:71,AMM.constructor
DA:86,71
DA:89,68
FN:89,AMM.initialize
FNDA:68,AMM.initialize
DA:94,68
DA:95,68
DA:96,68
DA:97,68
DA:98,68
DA:100,68
DA:101,68
DA:102,68
DA:112,1847
FN:112,AMM.addLiquidity
FNDA:1847,AMM.addLiquidity
DA:123,1846
BRDA:123,0,0,1
DA:125,1845
DA:126,1845
DA:129,1845
BRDA:129,1,0,42
BRDA:129,1,1,-
DA:130,42
DA:132,1803
DA:137,1803
BRDA:137,2,0,1803
BRDA:137,2,1,-
DA:138,1803
BRDA:138,3,0,1
DA:139,1802
DA:141,0
DA:146,0
BRDA:146,4,0,-
DA:147,0
DA:152,1844
DA:153,1844
BRDA:153,5,0,42
BRDA:153,5,1,1802
DA:155,42
DA:156,42
DA:158,1802
DA:163,1844
BRDA:163,6,0,-
DA:165,1844
DA:166,1844
DA:169,1844
DA:170,1844
DA:171,1844
DA:173,1844
DA:174,1844
DA:178,974
FN:178,AMM.removeLiquidity
FNDA:974,AMM.removeLiquidity
DA:188,974
BRDA:188,7,0,1
DA:191,973
DA:192,973
DA:193,973
DA:194,973
DA:195,1
BRDA:195,8,0,1
DA:196,972
BRDA:196,9,0,-
DA:199,972
DA:200,972
DA:201,972
DA:204,972
DA:205,972
DA:207,972
DA:208,972
DA:215,2204
FN:215,AMM.swap
FNDA:2204,AMM.swap
DA:220,2203
BRDA:220,10,0,1
DA:223,2202
DA:224,2202
BRDA:224,11,0,1
DA:226,2201
DA:230,2201
DA:231,2200
BRDA:231,12,0,1
DA:232,2199
BRDA:232,13,0,-
DA:235,2199
DA:243,1372
BRDA:243,14,0,1372
BRDA:243,14,1,827
DA:244,1372
DA:245,1372
DA:247,827
DA:248,827
DA:252,2199
DA:253,2199
DA:255,2199
DA:256,2199
DA:262,2447
FN:262,AMM.getAmountOut
FNDA:2447,AMM.getAmountOut
DA:267,4648
BRDA:267,15,0,3
DA:268,4645
DA:269,4645
DA:270,4645
DA:271,4645
DA:275,259
FN:275,AMM.quote
FNDA:259,AMM.quote
DA:280,2062
BRDA:280,16,0,1
DA:281,2061
BRDA:281,17,0,1
DA:282,2060
DA:285,4822
FN:285,AMM.getReserves
FNDA:4822,AMM.getReserves
DA:290,4822
DA:298,2199
FN:298,AMM._verifyKInvariant
FNDA:2199,AMM._verifyKInvariant
DA:305,2199
DA:307,2199
BRDA:307,18,0,-
DA:311,0
DA:312,0
DA:315,2199
DA:316,2199
BRDA:316,19,0,-
DA:320,0
DA:321,0
DA:324,2199
BRDA:324,20,0,-
DA:325,0
DA:326,0
DA:333,42
FN:333,AMM._sqrt
FNDA:42,AMM._sqrt
DA:334,42
BRDA:334,21,0,42
BRDA:334,21,1,-
DA:335,42
DA:336,42
DA:337,3531
DA:338,3489
DA:339,3489
DA:341,0
BRDA:341,22,0,-
DA:342,0
DA:346,1802
FN:346,AMM._min
FNDA:1802,AMM._min
DA:347,1802
DA:352,6
FN:352,AMM.pause
FNDA:6,AMM.pause
DA:353,4
DA:355,2
FN:355,AMM.unpause
FNDA:2,AMM.unpause
DA:356,1
DA:362,3
FN:362,AMM._authorizeUpgrade
FNDA:3,AMM._authorizeUpgrade
FNF:14
FNH:14
LF:110
LH:99
BRF:28
BRH:17
end_of_record
TN:
SF:src/DeFiGovernor.sol
DA:57,1
FN:57,DeFiGovernor.proposalThreshold
FNDA:1,DeFiGovernor.proposalThreshold
DA:63,4
DA:68,3
FN:68,DeFiGovernor.votingDelay
FNDA:3,DeFiGovernor.votingDelay
DA:74,6
DA:77,3
FN:77,DeFiGovernor.votingPeriod
FNDA:3,DeFiGovernor.votingPeriod
DA:83,6
DA:86,0
FN:86,DeFiGovernor.quorum
FNDA:0,DeFiGovernor.quorum
DA:94,5
DA:97,5
FN:97,DeFiGovernor.state
FNDA:5,DeFiGovernor.state
DA:105,12
DA:108,0
FN:108,DeFiGovernor.proposalNeedsQueuing
FNDA:0,DeFiGovernor.proposalNeedsQueuing
DA:111,0
DA:114,1
FN:114,DeFiGovernor._queueOperations
FNDA:1,DeFiGovernor._queueOperations
DA:121,1
DA:122,1
DA:131,1
FN:131,DeFiGovernor._executeOperations
FNDA:1,DeFiGovernor._executeOperations
DA:138,1
DA:147,1
FN:147,DeFiGovernor._cancel
FNDA:1,DeFiGovernor._cancel
DA:153,1
DA:156,2
FN:156,DeFiGovernor._executor
FNDA:2,DeFiGovernor._executor
DA:162,2
FNF:10
FNH:8
LF:21
LH:18
BRF:0
BRH:0
end_of_record
TN:
SF:src/GovernanceToken.sol
DA:29,30
FN:29,GovernanceToken.constructor
FNDA:30,GovernanceToken.constructor
DA:35,30
BRDA:35,0,0,-
DA:36,30
DA:37,30
DA:38,30
DA:41,30
DA:45,530
FN:45,GovernanceToken.mint
FNDA:530,GovernanceToken.mint
DA:46,528
BRDA:46,1,0,-
DA:47,528
BRDA:47,2,0,-
DA:48,528
DA:49,528
DA:53,1
FN:53,GovernanceToken.burn
FNDA:1,GovernanceToken.burn
DA:54,1
DA:55,1
DA:60,560
FN:60,GovernanceToken._update
FNDA:560,GovernanceToken._update
DA:65,560
DA:68,0
FN:68,GovernanceToken.nonces
FNDA:0,GovernanceToken.nonces
DA:71,0
FNF:5
FNH:4
LF:18
LH:16
BRF:3
BRH:0
end_of_record
TN:
SF:src/YieldVault.sol
DA:46,54
FN:46,YieldVault.constructor
FNDA:54,YieldVault.constructor
DA:53,54
DA:54,54
DA:55,54
DA:57,54
DA:58,54
DA:59,54
DA:65,3
FN:65,YieldVault.totalAssets
FNDA:3,YieldVault.totalAssets
DA:66,1588
DA:70,1051
FN:70,YieldVault.deposit
FNDA:1051,YieldVault.deposit
DA:74,1050
DA:75,1048
DA:79,3
FN:79,YieldVault.mint
FNDA:3,YieldVault.mint
DA:83,2
DA:84,1
DA:88,5
FN:88,YieldVault.withdraw
FNDA:5,YieldVault.withdraw
DA:93,4
DA:97,261
FN:97,YieldVault.redeem
FNDA:261,YieldVault.redeem
DA:102,260
DA:118,5
FN:118,YieldVault.distributeYield
FNDA:5,YieldVault.distributeYield
DA:123,4
DA:124,4
DA:129,4
FN:129,YieldVault.setPriceFeed
FNDA:4,YieldVault.setPriceFeed
DA:132,3
BRDA:132,0,0,1
DA:133,2
DA:134,2
DA:137,3
FN:137,YieldVault.setMaxStaleness
FNDA:3,YieldVault.setMaxStaleness
DA:140,2
DA:141,2
DA:144,7
FN:144,YieldVault.pause
FNDA:7,YieldVault.pause
DA:145,6
DA:147,2
FN:147,YieldVault.unpause
FNDA:2,YieldVault.unpause
DA:148,1
DA:154,1052
FN:154,YieldVault._checkPrice
FNDA:1052,YieldVault._checkPrice
DA:155,1052
DA:156,1052
BRDA:156,1,0,2
DA:157,1050
BRDA:157,2,0,1
FNF:12
FNH:12
LF:37
LH:37
BRF:3
BRH:3
end_of_record
TN:
SF:src/mocks/MockAggregator.sol
DA:13,57
FN:13,MockAggregator.constructor
FNDA:57,MockAggregator.constructor
DA:14,57
DA:15,57
DA:16,57
DA:17,57
DA:20,1
FN:20,MockAggregator.setPrice
FNDA:1,MockAggregator.setPrice
DA:21,1
DA:22,1
DA:23,1
DA:27,2
FN:27,MockAggregator.setUpdatedAt
FNDA:2,MockAggregator.setUpdatedAt
DA:28,2
DA:31,1052
FN:31,MockAggregator.latestRoundData
FNDA:1052,MockAggregator.latestRoundData
DA:37,1052
FNF:4
FNH:4
LF:13
LH:13
BRF:0
BRH:0
end_of_record
TN:
SF:test/Invariant.t.sol
DA:22,5
FN:22,AMMHandler.constructor
FNDA:5,AMMHandler.constructor
DA:23,5
DA:24,5
DA:25,5
DA:26,5
DA:27,25
DA:28,25
DA:29,25
DA:30,25
DA:31,25
DA:32,25
DA:33,25
DA:34,25
DA:38,1600
FN:38,AMMHandler.addLiquidity
FNDA:1600,AMMHandler.addLiquidity
DA:39,1600
DA:41,1600
DA:42,1600
DA:44,1600
BRDA:44,0,0,1600
BRDA:44,0,1,1550
DA:45,1600
DA:46,1600
DA:47,1600
BRDA:47,1,0,50
DA:49,0
DA:50,0
DA:53,1550
BRDA:53,2,0,5
DA:55,1545
DA:56,1545
DA:58,1545
DA:61,1550
FN:61,AMMHandler.removeLiquidity
FNDA:1550,AMMHandler.removeLiquidity
DA:62,1550
DA:63,1550
DA:64,1550
BRDA:64,3,0,838
DA:66,712
DA:67,712
DA:68,712
BRDA:68,4,0,-
DA:70,712
DA:71,712
DA:73,712
BRDA:73,5,0,-
DA:74,712
BRDA:74,6,0,-
DA:76,712
BRDA:76,7,0,-
DA:78,712
DA:79,712
DA:80,712
BRDA:80,8,0,-
DA:82,712
DA:83,712
DA:85,712
DA:88,1725
FN:88,AMMHandler.swap
FNDA:1725,AMMHandler.swap
DA:89,1725
DA:91,1725
DA:92,1725
BRDA:92,9,0,-
DA:94,1725
DA:95,1725
DA:97,1725
DA:98,1725
BRDA:98,10,0,-
DA:100,1725
DA:101,1725
DA:103,1725
BRDA:103,11,0,52
DA:105,1673
DA:106,1673
BRDA:106,12,0,-
DA:108,1673
DA:109,1673
DA:111,1673
FNF:4
FNH:4
LF:61
LH:59
BRF:14
BRH:6
end_of_record
TN:
SF:test/Security.t.sol
DA:25,1
FN:25,ReentrancyAttacker.constructor
FNDA:1,ReentrancyAttacker.constructor
DA:26,1
DA:27,1
DA:32,0
FN:32,ReentrancyAttacker.attack
FNDA:0,ReentrancyAttacker.attack
DA:33,0
DA:34,0
DA:35,0
DA:36,0
DA:40,0
FN:40,ReentrancyAttacker.onERC20Transfer
FNDA:0,ReentrancyAttacker.onERC20Transfer
DA:41,0
BRDA:41,0,0,-
DA:42,0
DA:43,0
BRDA:43,1,0,-
DA:45,0
DA:59,1
FN:59,MaliciousToken.setCallback
FNDA:1,MaliciousToken.setCallback
DA:60,1
DA:63,2
FN:63,MaliciousToken.transferFrom
FNDA:2,MaliciousToken.transferFrom
DA:64,2
DA:65,2
BRDA:65,2,0,-
DA:66,0
DA:68,2
DA:80,1
FN:80,VulnerableToken.mint
FNDA:1,VulnerableToken.mint
DA:81,1
DA:82,1
FNF:6
FNH:4
LF:23
LH:12
BRF:3
BRH:0
end_of_record
TN:
SF:test/helpers/MockERC20.sol
DA:9,180
FN:9,MockERC20.constructor
FNDA:180,MockERC20.constructor
DA:10,180
DA:13,2167
FN:13,MockERC20.mint
FNDA:2167,MockERC20.mint
DA:14,2167
DA:17,0
FN:17,MockERC20.burn
FNDA:0,MockERC20.burn
DA:18,0
FNF:3
FNH:2
LF:6
LH:4
BRF:0
BRH:0
end_of_record
